c:\users\matt1\source\repos\serial_cpp_vs_parallel_cuda\cpuarithmeticapp\x64\debug\vc142.pdb
c:\users\matt1\source\repos\serial_cpp_vs_parallel_cuda\cpuarithmeticapp\x64\debug\vc142.idb
c:\users\matt1\source\repos\serial_cpp_vs_parallel_cuda\cpuarithmeticapp\x64\debug\cpuarithmeticapp.obj
c:\users\matt1\source\repos\serial_cpp_vs_parallel_cuda\cpuarithmeticapp\x64\debug\veccore.obj
c:\users\matt1\source\repos\serial_cpp_vs_parallel_cuda\cpuarithmeticapp\x64\debug\vecnumgen.obj
c:\users\matt1\source\repos\serial_cpp_vs_parallel_cuda\cpuarithmeticapp\x64\debug\vecconset.obj
c:\users\matt1\source\repos\serial_cpp_vs_parallel_cuda\cpuarithmeticapp\x64\debug\veccheck.obj
c:\users\matt1\source\repos\serial_cpp_vs_parallel_cuda\cpuarithmeticapp\x64\debug\vecaddfunc.obj
c:\users\matt1\source\repos\serial_cpp_vs_parallel_cuda\cpuarithmeticapp\x64\debug\oneconvnumgen.obj
c:\users\matt1\source\repos\serial_cpp_vs_parallel_cuda\cpuarithmeticapp\x64\debug\oneconvfunc.obj
c:\users\matt1\source\repos\serial_cpp_vs_parallel_cuda\cpuarithmeticapp\x64\debug\oneconvcore.obj
c:\users\matt1\source\repos\serial_cpp_vs_parallel_cuda\cpuarithmeticapp\x64\debug\oneconvconset.obj
c:\users\matt1\source\repos\serial_cpp_vs_parallel_cuda\cpuarithmeticapp\x64\debug\oneconvcheck.obj
c:\users\matt1\source\repos\serial_cpp_vs_parallel_cuda\cpuarithmeticapp\x64\debug\matmultinumgen.obj
c:\users\matt1\source\repos\serial_cpp_vs_parallel_cuda\cpuarithmeticapp\x64\debug\matmultifunc.obj
c:\users\matt1\source\repos\serial_cpp_vs_parallel_cuda\cpuarithmeticapp\x64\debug\matmulticore.obj
c:\users\matt1\source\repos\serial_cpp_vs_parallel_cuda\cpuarithmeticapp\x64\debug\matmulticonset.obj
c:\users\matt1\source\repos\serial_cpp_vs_parallel_cuda\cpuarithmeticapp\x64\debug\matmulticheck.obj
c:\users\matt1\source\repos\serial_cpp_vs_parallel_cuda\cpuarithmeticapp\x64\debug\opchoice.obj
c:\users\matt1\source\repos\serial_cpp_vs_parallel_cuda\cpuarithmeticapp\x64\debug\cpuarithmeticapp.pdb
c:\users\matt1\source\repos\serial_cpp_vs_parallel_cuda\cpuarithmeticapp\x64\debug\cpuarithmeticapp.tlog\cl.command.1.tlog
c:\users\matt1\source\repos\serial_cpp_vs_parallel_cuda\cpuarithmeticapp\x64\debug\cpuarithmeticapp.tlog\cl.read.1.tlog
c:\users\matt1\source\repos\serial_cpp_vs_parallel_cuda\cpuarithmeticapp\x64\debug\cpuarithmeticapp.tlog\cl.write.1.tlog
c:\users\matt1\source\repos\serial_cpp_vs_parallel_cuda\cpuarithmeticapp\x64\debug\cpuarithmeticapp.tlog\link-cvtres.read.1.tlog
c:\users\matt1\source\repos\serial_cpp_vs_parallel_cuda\cpuarithmeticapp\x64\debug\cpuarithmeticapp.tlog\link-cvtres.write.1.tlog
c:\users\matt1\source\repos\serial_cpp_vs_parallel_cuda\cpuarithmeticapp\x64\debug\cpuarithmeticapp.tlog\link-rc.read.1.tlog
c:\users\matt1\source\repos\serial_cpp_vs_parallel_cuda\cpuarithmeticapp\x64\debug\cpuarithmeticapp.tlog\link-rc.write.1.tlog
c:\users\matt1\source\repos\serial_cpp_vs_parallel_cuda\cpuarithmeticapp\x64\debug\cpuarithmeticapp.tlog\link.command.1.tlog
c:\users\matt1\source\repos\serial_cpp_vs_parallel_cuda\cpuarithmeticapp\x64\debug\cpuarithmeticapp.tlog\link.read.1.tlog
c:\users\matt1\source\repos\serial_cpp_vs_parallel_cuda\cpuarithmeticapp\x64\debug\cpuarithmeticapp.tlog\link.write.1.tlog
